<?xml version="1.0" encoding="UTF-8"?>
<!-- Generated by org.testng.reporters.JUnitReportReporter -->
<testsuite hostname="UserPC" name="TestNgTest" tests="3" failures="0" timestamp="18 Jul 2016 16:48:23 GMT" time="0.009" errors="0">
  <testcase name="testCommand404" time="0.000" classname="TestNgTest"/>
  <testcase name="testCommand501" time="0.000" classname="TestNgTest"/>
  <testcase name="testCommand200" time="0.009" classname="TestNgTest"/>
</testsuite> <!-- TestNgTest -->
