<?xml version="1.0" encoding="UTF-8"?>
<!-- Generated by org.testng.reporters.JUnitReportReporter -->
<testsuite hostname="UserPC" name="TestNgTest" tests="1" failures="0" timestamp="17 Jul 2016 15:59:21 GMT" time="0.007" errors="0">
  <testcase name="testCommands" time="0.007" classname="TestNgTest"/>
</testsuite> <!-- TestNgTest -->
